[    0.000000] Linux version 4.15.0-109-generic (buildd@lgw01-amd64-010) (gcc version 7.5.0 (Ubuntu 7.5.0-3ubuntu1~18.04)) #110-Ubuntu SMP Tue Jun 23 02:39:32 UTC 2020 (Ubuntu 4.15.0-109.110-generic 4.15.18)
[    0.000000] Command line: BOOT_IMAGE=/boot/vmlinuz-4.15.0-109-generic root=LABEL=cloudimg-rootfs ro console=tty1 console=ttyS0
[    0.000000] KERNEL supported cpus:
[    0.000000]   Intel GenuineIntel
[    0.000000]   AMD AuthenticAMD
[    0.000000]   Centaur CentaurHauls
[    0.000000] x86/fpu: Supporting XSAVE feature 0x001: 'x87 floating point registers'
[    0.000000] x86/fpu: Supporting XSAVE feature 0x002: 'SSE registers'
[    0.000000] x86/fpu: Supporting XSAVE feature 0x004: 'AVX registers'
[    0.000000] x86/fpu: xstate_offset[2]:  576, xstate_sizes[2]:  256
[    0.000000] x86/fpu: Enabled xstate features 0x7, context size is 832 bytes, using 'standard' format.
[    0.000000] e820: BIOS-provided physical RAM map:
[    0.000000] BIOS-e820: [mem 0x0000000000000000-0x000000000009fbff] usable
[    0.000000] BIOS-e820: [mem 0x000000000009fc00-0x000000000009ffff] reserved
[    0.000000] BIOS-e820: [mem 0x00000000000f0000-0x00000000000fffff] reserved
[    0.000000] BIOS-e820: [mem 0x0000000000100000-0x000000003ffeffff] usable
[    0.000000] BIOS-e820: [mem 0x000000003fff0000-0x000000003fffffff] ACPI data
[    0.000000] BIOS-e820: [mem 0x00000000fec00000-0x00000000fec00fff] reserved
[    0.000000] BIOS-e820: [mem 0x00000000fee00000-0x00000000fee00fff] reserved
[    0.000000] BIOS-e820: [mem 0x00000000fffc0000-0x00000000ffffffff] reserved
[    0.000000] NX (Execute Disable) protection: active
[    0.000000] SMBIOS 2.5 present.
[    0.000000] DMI: innotek GmbH VirtualBox/VirtualBox, BIOS VirtualBox 12/01/2006
[    0.000000] Hypervisor detected: KVM
[    0.000000] e820: last_pfn = 0x3fff0 max_arch_pfn = 0x400000000
[    0.000000] MTRR: Disabled
[    0.000000] x86/PAT: MTRRs disabled, skipping PAT initialization too.
[    0.000000] CPU MTRRs all blank - virtualized system.
[    0.000000] x86/PAT: Configuration [0-7]: WB  WT  UC- UC  WB  WT  UC- UC  
[    0.000000] found SMP MP-table at [mem 0x0009fff0-0x0009ffff]
[    0.000000] Scanning 1 areas for low memory corruption
[    0.000000] RAMDISK: [mem 0x35a69000-0x36d2bfff]
[    0.000000] ACPI: Early table checksum verification disabled
[    0.000000] ACPI: RSDP 0x00000000000E0000 000024 (v02 VBOX  )
[    0.000000] ACPI: XSDT 0x000000003FFF0030 00003C (v01 VBOX   VBOXXSDT 00000001 ASL  00000061)
[    0.000000] ACPI: FACP 0x000000003FFF00F0 0000F4 (v04 VBOX   VBOXFACP 00000001 ASL  00000061)
[    0.000000] ACPI: DSDT 0x000000003FFF0470 002325 (v02 VBOX   VBOXBIOS 00000002 INTL 20100528)
[    0.000000] ACPI: FACS 0x000000003FFF0200 000040
[    0.000000] ACPI: FACS 0x000000003FFF0200 000040
[    0.000000] ACPI: APIC 0x000000003FFF0240 00005C (v02 VBOX   VBOXAPIC 00000001 ASL  00000061)
[    0.000000] ACPI: SSDT 0x000000003FFF02A0 0001CC (v01 VBOX   VBOXCPUT 00000002 INTL 20100528)
[    0.000000] No NUMA configuration found
[    0.000000] Faking a node at [mem 0x0000000000000000-0x000000003ffeffff]
[    0.000000] NODE_DATA(0) allocated [mem 0x3ffc5000-0x3ffeffff]
[    0.000000] kvm-clock: cpu 0, msr 0:3ff44001, primary cpu clock
[    0.000000] kvm-clock: Using msrs 4b564d01 and 4b564d00
[    0.000000] kvm-clock: using sched offset of 7482576495 cycles
[    0.000000] clocksource: kvm-clock: mask: 0xffffffffffffffff max_cycles: 0x1cd42e4dffb, max_idle_ns: 881590591483 ns
[    0.000000] Zone ranges:
[    0.000000]   DMA      [mem 0x0000000000001000-0x0000000000ffffff]
[    0.000000]   DMA32    [mem 0x0000000001000000-0x000000003ffeffff]
[    0.000000]   Normal   empty
[    0.000000]   Device   empty
[    0.000000] Movable zone start for each node
[    0.000000] Early memory node ranges
[    0.000000]   node   0: [mem 0x0000000000001000-0x000000000009efff]
[    0.000000]   node   0: [mem 0x0000000000100000-0x000000003ffeffff]
[    0.000000] Reserved but unavailable: 98 pages
[    0.000000] Initmem setup node 0 [mem 0x0000000000001000-0x000000003ffeffff]
[    0.000000] ACPI: PM-Timer IO Port: 0x4008
[    0.000000] IOAPIC[0]: apic_id 2, version 32, address 0xfec00000, GSI 0-23
[    0.000000] ACPI: INT_SRC_OVR (bus 0 bus_irq 0 global_irq 2 dfl dfl)
[    0.000000] ACPI: INT_SRC_OVR (bus 0 bus_irq 9 global_irq 9 low level)
[    0.000000] Using ACPI (MADT) for SMP configuration information
[    0.000000] smpboot: Allowing 2 CPUs, 0 hotplug CPUs
[    0.000000] PM: Registered nosave memory: [mem 0x00000000-0x00000fff]
[    0.000000] PM: Registered nosave memory: [mem 0x0009f000-0x0009ffff]
[    0.000000] PM: Registered nosave memory: [mem 0x000a0000-0x000effff]
[    0.000000] PM: Registered nosave memory: [mem 0x000f0000-0x000fffff]
[    0.000000] e820: [mem 0x40000000-0xfebfffff] available for PCI devices
[    0.000000] Booting paravirtualized kernel on KVM
[    0.000000] clocksource: refined-jiffies: mask: 0xffffffff max_cycles: 0xffffffff, max_idle_ns: 7645519600211568 ns
[    0.000000] random: get_random_bytes called from start_kernel+0x99/0x500 with crng_init=0
[    0.000000] setup_percpu: NR_CPUS:8192 nr_cpumask_bits:2 nr_cpu_ids:2 nr_node_ids:1
[    0.000000] percpu: Embedded 45 pages/cpu s147456 r8192 d28672 u1048576
[    0.000000] PV qspinlock hash table entries: 256 (order: 0, 4096 bytes)
[    0.000000] Built 1 zonelists, mobility grouping on.  Total pages: 257913
[    0.000000] Policy zone: DMA32
[    0.000000] Kernel command line: BOOT_IMAGE=/boot/vmlinuz-4.15.0-109-generic root=LABEL=cloudimg-rootfs ro console=tty1 console=ttyS0
[    0.000000] Memory: 983040K/1048120K available (12300K kernel code, 2481K rwdata, 4272K rodata, 2436K init, 2720K bss, 65080K reserved, 0K cma-reserved)
[    0.000000] SLUB: HWalign=64, Order=0-3, MinObjects=0, CPUs=2, Nodes=1
[    0.000000] Kernel/User page tables isolation: enabled
[    0.000000] ftrace: allocating 39378 entries in 154 pages
[    0.004000] Hierarchical RCU implementation.
[    0.004000] 	RCU restricting CPUs from NR_CPUS=8192 to nr_cpu_ids=2.
[    0.004000] 	Tasks RCU enabled.
[    0.004000] RCU: Adjusting geometry for rcu_fanout_leaf=16, nr_cpu_ids=2
[    0.004000] NR_IRQS: 524544, nr_irqs: 440, preallocated irqs: 16
[    0.004000] Console: colour VGA+ 80x25
[    0.004000] console [tty1] enabled
[    0.004000] console [ttyS0] enabled
[    0.004000] ACPI: Core revision 20170831
[    0.004000] ACPI: 2 ACPI AML tables successfully acquired and loaded
[    0.004000] APIC: Switch to symmetric I/O mode setup
[    0.004000] x2apic enabled
[    0.004000] Switched APIC routing to physical x2apic.
[    0.007517] ..TIMER: vector=0x30 apic1=0 pin1=2 apic2=-1 pin2=-1
[    0.008009] tsc: Detected 1799.998 MHz processor
[    0.010705] Calibrating delay loop (skipped) preset value.. 3599.99 BogoMIPS (lpj=7199992)
[    0.012010] pid_max: default: 32768 minimum: 301
[    0.014630] Security Framework initialized
[    0.016011] Yama: becoming mindful.
[    0.018171] AppArmor: AppArmor initialized
[    0.024000] Dentry cache hash table entries: 131072 (order: 8, 1048576 bytes)
[    0.024152] Inode-cache hash table entries: 65536 (order: 7, 524288 bytes)
[    0.028043] Mount-cache hash table entries: 2048 (order: 2, 16384 bytes)
[    0.032017] Mountpoint-cache hash table entries: 2048 (order: 2, 16384 bytes)
[    0.035770] Last level iTLB entries: 4KB 64, 2MB 8, 4MB 8
[    0.036007] Last level dTLB entries: 4KB 64, 2MB 0, 4MB 0, 1GB 4
[    0.040007] Spectre V1 : Mitigation: usercopy/swapgs barriers and __user pointer sanitization
[    0.044006] Spectre V2 : Mitigation: Full generic retpoline
[    0.046083] Spectre V2 : Spectre v2 / SpectreRSB mitigation: Filling RSB on context switch
[    0.048008] Speculative Store Bypass: Vulnerable
[    0.049690] SRBDS: Unknown: Dependent on hypervisor status
[    0.052005] MDS: Vulnerable: Clear CPU buffers attempted, no microcode
[    0.054558] Freeing SMP alternatives memory: 36K
[    0.168228] smpboot: CPU0: Intel(R) Core(TM) i5-8250U CPU @ 1.60GHz (family: 0x6, model: 0x8e, stepping: 0xa)
[    0.172310] Performance Events: unsupported p6 CPU model 142 no PMU driver, software events only.
[    0.176096] Hierarchical SRCU implementation.
[    0.181271] NMI watchdog: Perf event create on CPU 0 failed with -2
[    0.184008] NMI watchdog: Perf NMI watchdog permanently disabled
[    0.188204] smp: Bringing up secondary CPUs ...
[    0.192241] x86: Booting SMP configuration:
[    0.194609] .... node  #0, CPUs:      #1
[    0.004000] kvm-clock: cpu 1, msr 0:3ff44041, secondary cpu clock
[    0.202793] smp: Brought up 1 node, 2 CPUs
[    0.204011] smpboot: Max logical packages: 1
[    0.206892] smpboot: Total of 2 processors activated (7199.99 BogoMIPS)
[    0.208239] devtmpfs: initialized
[    0.210260] x86/mm: Memory block size: 128MB
[    0.212364] evm: security.selinux
[    0.214367] evm: security.SMACK64
[    0.216019] evm: security.SMACK64EXEC
[    0.220004] evm: security.SMACK64TRANSMUTE
[    0.222232] evm: security.SMACK64MMAP
[    0.224004] evm: security.apparmor
[    0.226044] evm: security.ima
[    0.228007] evm: security.capability
[    0.232225] clocksource: jiffies: mask: 0xffffffff max_cycles: 0xffffffff, max_idle_ns: 7645041785100000 ns
[    0.236019] futex hash table entries: 512 (order: 3, 32768 bytes)
[    0.248070] pinctrl core: initialized pinctrl subsystem
[    0.252229] RTC time:  9:33:09, date: 07/26/20
[    0.255342] NET: Registered protocol family 16
[    0.256192] audit: initializing netlink subsys (disabled)
[    0.260130] audit: type=2000 audit(1595755998.108:1): state=initialized audit_enabled=0 res=1
[    0.264015] cpuidle: using governor ladder
[    0.268017] cpuidle: using governor menu
[    0.270471] ACPI: bus type PCI registered
[    0.272007] acpiphp: ACPI Hot Plug PCI Controller Driver version: 0.5
[    0.276248] PCI: Using configuration type 1 for base access
[    0.284598] HugeTLB registered 2.00 MiB page size, pre-allocated 0 pages
[    0.288196] ACPI: Added _OSI(Module Device)
[    0.290550] ACPI: Added _OSI(Processor Device)
[    0.292017] ACPI: Added _OSI(3.0 _SCP Extensions)
[    0.296018] ACPI: Added _OSI(Processor Aggregator Device)
[    0.300005] ACPI: Added _OSI(Linux-Dell-Video)
[    0.302002] ACPI: Added _OSI(Linux-Lenovo-NV-HDMI-Audio)
[    0.304013] ACPI: Added _OSI(Linux-HPI-Hybrid-Graphics)
[    0.308823] ACPI: Executed 1 blocks of module-level executable AML code
[    0.323101] ACPI: Interpreter enabled
[    0.324037] ACPI: (supports S0 S5)
[    0.328006] ACPI: Using IOAPIC for interrupt routing
[    0.331512] PCI: Using host bridge windows from ACPI; if necessary, use "pci=nocrs" and report a bug
[    0.332483] ACPI: Enabled 2 GPEs in block 00 to 07
[    0.356126] ACPI: PCI Root Bridge [PCI0] (domain 0000 [bus 00-ff])
[    0.360015] acpi PNP0A03:00: _OSC: OS supports [ASPM ClockPM Segments MSI]
[    0.365140] acpi PNP0A03:00: _OSC: not requesting OS control; OS requires [ExtendedConfig ASPM ClockPM MSI]
[    0.368049] acpi PNP0A03:00: fail to add MMCONFIG information, can't access extended PCI configuration space under this bridge.
[    0.372689] PCI host bridge to bus 0000:00
[    0.376009] pci_bus 0000:00: root bus resource [io  0x0000-0x0cf7 window]
[    0.377784] pci_bus 0000:00: root bus resource [io  0x0d00-0xffff window]
[    0.379196] pci_bus 0000:00: root bus resource [mem 0x000a0000-0x000bffff window]
[    0.380006] pci_bus 0000:00: root bus resource [mem 0x40000000-0xfdffffff window]
[    0.381905] pci_bus 0000:00: root bus resource [bus 00-ff]
[    0.388255] pci 0000:00:01.1: legacy IDE quirk: reg 0x10: [io  0x01f0-0x01f7]
[    0.389854] pci 0000:00:01.1: legacy IDE quirk: reg 0x14: [io  0x03f6]
[    0.391550] pci 0000:00:01.1: legacy IDE quirk: reg 0x18: [io  0x0170-0x0177]
[    0.392004] pci 0000:00:01.1: legacy IDE quirk: reg 0x1c: [io  0x0376]
[    0.426809] pci 0000:00:07.0: quirk: [io  0x4000-0x403f] claimed by PIIX4 ACPI
[    0.428055] pci 0000:00:07.0: quirk: [io  0x4100-0x410f] claimed by PIIX4 SMB
[    0.447628] ACPI: PCI Interrupt Link [LNKA] (IRQs 5 9 10 *11)
[    0.452057] ACPI: PCI Interrupt Link [LNKB] (IRQs 5 9 *10 11)
[    0.455480] ACPI: PCI Interrupt Link [LNKC] (IRQs 5 *9 10 11)
[    0.456461] ACPI: PCI Interrupt Link [LNKD] (IRQs 5 9 10 *11)
[    0.464482] SCSI subsystem initialized
[    0.467186] pci 0000:00:02.0: vgaarb: setting as boot VGA device
[    0.467863] pci 0000:00:02.0: vgaarb: VGA device added: decodes=io+mem,owns=io+mem,locks=none
[    0.468014] pci 0000:00:02.0: vgaarb: bridge control possible
[    0.471169] vgaarb: loaded
[    0.472083] ACPI: bus type USB registered
[    0.474738] usbcore: registered new interface driver usbfs
[    0.476038] usbcore: registered new interface driver hub
[    0.480055] usbcore: registered new device driver usb
[    0.484129] EDAC MC: Ver: 3.0.0
[    0.488475] PCI: Using ACPI for IRQ routing
[    0.491379] NetLabel: Initializing
[    0.492008] NetLabel:  domain hash size = 128
[    0.496004] NetLabel:  protocols = UNLABELED CIPSOv4 CALIPSO
[    0.500047] NetLabel:  unlabeled traffic allowed by default
[    0.504273] clocksource: Switched to clocksource kvm-clock
[    0.553529] VFS: Disk quotas dquot_6.6.0
[    0.556006] VFS: Dquot-cache hash table entries: 512 (order 0, 4096 bytes)
[    0.560832] AppArmor: AppArmor Filesystem Enabled
[    0.564196] pnp: PnP ACPI init
[    0.572139] pnp: PnP ACPI: found 3 devices
[    0.594611] clocksource: acpi_pm: mask: 0xffffff max_cycles: 0xffffff, max_idle_ns: 2085701024 ns
[    0.599918] NET: Registered protocol family 2
[    0.602912] TCP established hash table entries: 8192 (order: 4, 65536 bytes)
[    0.606993] TCP bind hash table entries: 8192 (order: 5, 131072 bytes)
[    0.617194] TCP: Hash tables configured (established 8192 bind 8192)
[    0.622383] UDP hash table entries: 512 (order: 2, 16384 bytes)
[    0.628202] UDP-Lite hash table entries: 512 (order: 2, 16384 bytes)
[    0.633875] NET: Registered protocol family 1
[    0.637781] pci 0000:00:00.0: Limiting direct PCI/PCI transfers
[    0.643357] pci 0000:00:01.0: Activating ISA DMA hang workarounds
[    0.646924] pci 0000:00:02.0: Video device with shadowed ROM at [mem 0x000c0000-0x000dffff]
[    0.652570] Unpacking initramfs...
[    1.408714] Freeing initrd memory: 19212K
[    1.410072] clocksource: tsc: mask: 0xffffffffffffffff max_cycles: 0x19f227af07c, max_idle_ns: 440795246167 ns
[    1.413300] platform rtc_cmos: registered platform RTC device (no PNP device found)
[    1.415988] Scanning for low memory corruption every 60 seconds
[    1.418955] Initialise system trusted keyrings
[    1.420389] Key type blacklist registered
[    1.421971] workingset: timestamp_bits=36 max_order=18 bucket_order=0
[    1.425594] zbud: loaded
[    1.427303] squashfs: version 4.0 (2009/01/31) Phillip Lougher
[    1.429802] fuse init (API version 7.26)
[    1.435425] Key type asymmetric registered
[    1.437404] Asymmetric key parser 'x509' registered
[    1.439690] Block layer SCSI generic (bsg) driver version 0.4 loaded (major 246)
[    1.444494] io scheduler noop registered
[    1.447002] io scheduler deadline registered
[    1.448612] io scheduler cfq registered (default)
[    1.450575] ACPI: AC Adapter [AC] (off-line)
[    1.452810] input: Power Button as /devices/LNXSYSTM:00/LNXPWRBN:00/input/input0
[    1.456774] ACPI: Power Button [PWRF]
[    1.460487] input: Sleep Button as /devices/LNXSYSTM:00/LNXSLPBN:00/input/input1
[    1.463796] ACPI: Sleep Button [SLPF]
[    1.467579] ACPI: Battery Slot [BAT0] (battery present)
[    1.468218] Serial: 8250/16550 driver, 32 ports, IRQ sharing enabled
[    1.493201] 00:02: ttyS0 at I/O 0x3f8 (irq = 4, base_baud = 115200) is a 16550A
[    1.498231] Linux agpgart interface v0.103
[    1.501342] loop: module loaded
[    1.503382] scsi host0: ata_piix
[    1.504893] scsi host1: ata_piix
[    1.506496] ata1: PATA max UDMA/33 cmd 0x1f0 ctl 0x3f6 bmdma 0xd000 irq 14
[    1.510053] ata2: PATA max UDMA/33 cmd 0x170 ctl 0x376 bmdma 0xd008 irq 15
[    1.512572] libphy: Fixed MDIO Bus: probed
[    1.514212] tun: Universal TUN/TAP device driver, 1.6
[    1.516456] PPP generic driver version 2.4.2
[    1.518192] ehci_hcd: USB 2.0 'Enhanced' Host Controller (EHCI) Driver
[    1.520371] ehci-pci: EHCI PCI platform driver
[    1.522361] ehci-platform: EHCI generic platform driver
[    1.525801] ohci_hcd: USB 1.1 'Open' Host Controller (OHCI) Driver
[    1.528408] ohci-pci: OHCI PCI platform driver
[    1.530033] ohci-platform: OHCI generic platform driver
[    1.531857] uhci_hcd: USB Universal Host Controller Interface driver
[    1.534381] i8042: PNP: PS/2 Controller [PNP0303:PS2K,PNP0f03:PS2M] at 0x60,0x64 irq 1,12
[    1.538163] serio: i8042 KBD port at 0x60,0x64 irq 1
[    1.542469] serio: i8042 AUX port at 0x60,0x64 irq 12
[    1.544981] mousedev: PS/2 mouse device common for all mice
[    1.548196] input: AT Translated Set 2 keyboard as /devices/platform/i8042/serio0/input/input2
[    1.553175] rtc_cmos rtc_cmos: rtc core: registered rtc_cmos as rtc0
[    1.557008] rtc_cmos rtc_cmos: alarms up to one day, 114 bytes nvram
[    1.561697] i2c /dev entries driver
[    1.563341] device-mapper: uevent: version 1.0.3
[    1.565526] device-mapper: ioctl: 4.37.0-ioctl (2017-09-20) initialised: dm-devel@redhat.com
[    1.570283] ledtrig-cpu: registered to indicate activity on CPUs
[    1.574612] NET: Registered protocol family 10
[    1.582456] Segment Routing with IPv6
[    1.584287] NET: Registered protocol family 17
[    1.586742] Key type dns_resolver registered
[    1.589188] mce: Using 0 MCE banks
[    1.591019] RAS: Correctable Errors collector initialized.
[    1.593793] sched_clock: Marking stable (1593752094, 0)->(1918540330, -324788236)
[    1.597769] registered taskstats version 1
[    1.599242] Loading compiled-in X.509 certificates
[    1.603858] Loaded X.509 cert 'Build time autogenerated kernel key: 495c641868e7df5e32bc382f03c4f4fc9cad4e78'
[    1.608459] zswap: loaded using pool lzo/zbud
[    1.619256] Key type big_key registered
[    1.621771] Key type trusted registered
[    1.627037] Key type encrypted registered
[    1.628750] AppArmor: AppArmor sha1 policy hashing enabled
[    1.631115] ima: No TPM chip found, activating TPM-bypass! (rc=-19)
[    1.634112] ima: Allocated hash algorithm: sha1
[    1.637320] evm: HMAC attrs: 0x1
[    1.639832]   Magic number: 12:941:576
[    1.642600] rtc_cmos rtc_cmos: setting system clock to 2020-07-26 09:33:10 UTC (1595755990)
[    1.649050] BIOS EDD facility v0.16 2004-Jun-25, 0 devices found
[    1.651703] EDD information not available.
[    1.707043] Freeing unused kernel image memory: 2436K
[    1.888412] Write protecting the kernel read-only data: 20480k
[    1.892425] Freeing unused kernel image memory: 2008K
[    1.894320] Freeing unused kernel image memory: 1872K
[    1.912379] x86/mm: Checked W+X mappings: passed, no W+X pages found.
[    1.914201] x86/mm: Checking user space page tables
[    1.930370] x86/mm: Checked W+X mappings: passed, no W+X pages found.
Loading, please wait...
starting version 237
[    2.127940] e1000: Intel(R) PRO/1000 Network Driver - version 7.3.21-k8-NAPI
[    2.131103] e1000: Copyright (c) 1999-2006 Intel Corporation.
[    2.136914] Fusion MPT base driver 3.04.20
[    2.143595] Copyright (c) 1999-2008 LSI Corporation
[    2.206685] AVX2 version of gcm_enc/dec engaged.
[    2.208190] AES CTR mode by8 optimization enabled
[    2.210783] Fusion MPT SPI Host driver 3.04.20
[    2.385720] input: ImExPS/2 Generic Explorer Mouse as /devices/platform/i8042/serio1/input/input4
[    2.914201] e1000 0000:00:03.0 eth0: (PCI:33MHz:32-bit) 02:12:97:df:f3:54
[    2.918111] e1000 0000:00:03.0 eth0: Intel(R) PRO/1000 Network Connection
[    2.924317] mptbase: ioc0: Initiating bringup
[    2.924362] e1000 0000:00:03.0 enp0s3: renamed from eth0
[    3.029043] ioc0: LSI53C1030 A0: Capabilities={Initiator}
[    3.276640] scsi host2: ioc0: LSI53C1030 A0, FwRev=00000000h, Ports=1, MaxQ=256, IRQ=20
[    3.446547] scsi 2:0:0:0: Direct-Access     VBOX     HARDDISK         1.0  PQ: 0 ANSI: 5
[    4.220498] scsi target2:0:0: Beginning Domain Validation
[    4.225116] scsi target2:0:0: Domain Validation skipping write tests
[    4.227479] scsi target2:0:0: Ending Domain Validation
[    4.229259] scsi target2:0:0: asynchronous
[    4.231860] scsi 2:0:1:0: Direct-Access     VBOX     HARDDISK         1.0  PQ: 0 ANSI: 5
[    4.911512] scsi target2:0:1: Beginning Domain Validation
[    4.917086] random: fast init done
[    4.921237] scsi target2:0:1: Domain Validation skipping write tests
[    4.925319] scsi target2:0:1: Ending Domain Validation
[    4.928373] scsi target2:0:1: asynchronous
[    4.943865] random: systemd-udevd: uninitialized urandom read (16 bytes read)
[    4.944665] sd 2:0:0:0: [sda] 20971520 512-byte logical blocks: (10.7 GB/10.0 GiB)
[    4.948229] random: systemd-udevd: uninitialized urandom read (16 bytes read)
[    4.952725] sd 2:0:0:0: Attached scsi generic sg0 type 0
[    4.956906] random: systemd-udevd: uninitialized urandom read (16 bytes read)
[    4.960406] sd 2:0:0:0: [sda] Write Protect is off
[    4.967537] sd 2:0:1:0: Attached scsi generic sg1 type 0
[    4.970691] sd 2:0:0:0: [sda] Incomplete mode parameter data
[    4.975575] sd 2:0:0:0: [sda] Assuming drive cache: write through
[    4.979650] sd 2:0:1:0: [sdb] 20480 512-byte logical blocks: (10.5 MB/10.0 MiB)
[    4.984753] sd 2:0:1:0: [sdb] Write Protect is off
[    4.988651] sd 2:0:1:0: [sdb] Incomplete mode parameter data
[    4.991539] sd 2:0:1:0: [sdb] Assuming drive cache: write through
[    5.041600]  sda: sda1
[    5.046021] sd 2:0:0:0: [sda] Attached SCSI disk
[    5.086779] sd 2:0:1:0: [sdb] Attached SCSI disk
Begin: Loading essential drivers ... [    7.480102] raid6: sse2x1   gen()  4112 MB/s
[    7.528130] raid6: sse2x1   xor()  2969 MB/s
[    7.576627] raid6: sse2x2   gen()  3239 MB/s
[    7.624404] raid6: sse2x2   xor()  2664 MB/s
[    7.672196] raid6: sse2x4   gen()  4578 MB/s
[    7.720084] raid6: sse2x4   xor()  5158 MB/s
[    7.768048] raid6: avx2x1   gen()  9137 MB/s
[    7.816122] raid6: avx2x1   xor()  6064 MB/s
[    7.864488] raid6: avx2x2   gen() 10547 MB/s
[    7.912274] raid6: avx2x2   xor()  6456 MB/s
[    7.960147] raid6: avx2x4   gen() 10943 MB/s
[    8.008075] raid6: avx2x4   xor()  7365 MB/s
[    8.010468] raid6: using algorithm avx2x4 gen() 10943 MB/s
[    8.014127] raid6: .... xor() 7365 MB/s, rmw enabled
[    8.017051] raid6: using avx2x2 recovery algorithm
[    8.023120] xor: automatically using best checksumming function   avx       
[    8.031325] async_tx: api initialized (async)
done.
Begin: Running /scripts/init-premount ... done.
Begin: Mounting root file system ... Begin: Running /scripts/local-top ... done.
Begin: Running /scripts/local-premount ... [    8.131199] Btrfs loaded, crc32c=crc32c-intel
Scanning for Btrfs filesystems
done.
Warning: fsck not present, so skipping root file system
[    8.409967] EXT4-fs (sda1): mounted filesystem with ordered data mode. Opts: (null)
done.
Begin: Running /scripts/local-bottom ... done.
Begin: Running /scripts/init-bottom ... done.
[    9.639516] ip_tables: (C) 2000-2006 Netfilter Core Team
[    9.813298] systemd[1]: systemd 237 running in system mode. (+PAM +AUDIT +SELINUX +IMA +APPARMOR +SMACK +SYSVINIT +UTMP +LIBCRYPTSETUP +GCRYPT +GNUTLS +ACL +XZ +LZ4 +SECCOMP +BLKID +ELFUTILS +KMOD -IDN2 +IDN -PCRE2 default-hierarchy=hybrid)
[    9.827701] systemd[1]: Detected virtualization oracle.
[    9.830136] systemd[1]: Detected architecture x86-64.

Welcome to [1mUbuntu 18.04.4 LTS[0m!

[    9.863765] systemd[1]: Set hostname to <ubuntu>.
[    9.917294] systemd[1]: Initializing machine ID from random generator.
[    9.919681] systemd[1]: Installed transient /etc/machine-id file.
[   10.153678] random: crng init done
[   10.156422] random: 7 urandom warning(s) missed due to ratelimiting
[   11.262251] systemd[1]: Reached target User and Group Name Lookups.
[[0;32m  OK  [0m] Reached target User and Group Name Lookups.
[   11.276628] systemd[1]: Set up automount Arbitrary Executable File Formats File System Automount Point.
[[0;32m  OK  [0m] Set up automount Arbitrary Executab…rmats File System Automount Point.
[   11.281026] systemd[1]: Reached target System Time Synchronized.
[[0;32m  OK  [0m] Reached target System Time Synchronized.
[   11.285613] systemd[1]: Created slice User and Session Slice.
[[0;32m  OK  [0m] Created slice User and Session Slice.
[[0;32m  OK  [0m] Created slice System Slice.
[[0;32m  OK  [0m] Listening on Journal Audit Socket.
[[0;32m  OK  [0m] Created slice system-serial\x2dgetty.slice.
[[0;32m  OK  [0m] Reached target Slices.
[[0;32m  OK  [0m] Listening on Syslog Socket.
[[0;32m  OK  [0m] Listening on udev Control Socket.
[[0;32m  OK  [0m] Listening on LVM2 metadata daemon socket.
[[0;32m  OK  [0m] Listening on Device-mapper event daemon FIFOs.
[[0;32m  OK  [0m] Listening on udev Kernel Socket.
[[0;32m  OK  [0m] Listening on /dev/initctl Compatibility Named Pipe.
[[0;32m  OK  [0m] Listening on Journal Socket (/dev/log).
[[0;32m  OK  [0m] Listening on Network Service Netlink Socket.
[[0;32m  OK  [0m] Listening on LVM2 poll daemon socket.
[[0;32m  OK  [0m] Started Forward Password Requests to Wall Directory Watch.
[[0;32m  OK  [0m] Reached target Swap.
[[0;32m  OK  [0m] Listening on Journal Socket.
         Starting Uncomplicated firewall...
         Mounting Kernel Debug File System...
         Starting Create list of required st…ce nodes for the current kernel...
         Starting Remount Root and Kernel File Systems...
         Starting Journal Service...
         Starting Load Kernel Modules...
         Mounting Huge Pages File System...
         Starting udev Coldplug all Devices...
         Starting Monitoring of LVM2 mirrors…ng dmeventd or progress polling...
         Mounting POSIX Message Queue File System...
         Starting Set the console keyboard layout...
[[0;32m  OK  [0m] Started Uncomplicated firewall.
[[0;32m  OK  [0m] Mounted Kernel Debug File System.
[[0;32m  OK  [0m] Started Create list of required sta…vice nodes for the current kernel.
[[0;32m  OK  [0m] Mounted Huge Pages File System.
[[0;32m  OK  [0m] Mounted POSIX Message Queue File System.
[   11.599464] EXT4-fs (sda1): re-mounted. Opts: (null)
         Starting Create Static Device Nodes in /dev...
[[0;32m  OK  [0m] Started Remount Root and Kernel File Systems.
[   12.008096] Loading iSCSI transport class v2.0-870.
         Starting Load/Save Random Seed...
[[0;32m  OK  [0m] Started Journal Service.
         Starting Flush Journal to Persistent Storage...
[[0;32m  OK  [0m] Started udev Coldplug all Devices.
[   12.161581] iscsi: registered transport (tcp)
[[0;32m  OK  [0m] Started Load/Save Random Seed.
[   12.245818] systemd-journald[390]: Received request to flush runtime journal from PID 1
[[0;32m  OK  [0m] Started LVM2 metadata daemon.
[[0;32m  OK  [0m] Started Create Static Device Nodes in /dev.
         Starting udev Kernel Device Manager...
[[0;32m  OK  [0m] Started Flush Journal to Persistent Storage.
[[0;32m  OK  [0m] Started Monitoring of LVM2 mirrors,…sing dmeventd or progress polling.
[   12.697697] iscsi: registered transport (iser)
[[0;32m  OK  [0m] Started Load Kernel Modules.
         Starting Apply Kernel Variables...
         Mounting Kernel Configuration File System...
         Mounting FUSE Control File System...
[[0;32m  OK  [0m] Mounted FUSE Control File System.
[[0;32m  OK  [0m] Mounted Kernel Configuration File System.
[[0;32m  OK  [0m] Started Set the console keyboard layout.
[[0;32m  OK  [0m] Reached target Local File Systems (Pre).
[[0;32m  OK  [0m] Reached target Local File Systems.
         Starting Commit a transient machine-id on disk...
         Starting Set console font and keymap...
         Starting Create Volatile Files and Directories...
         Starting Tell Plymouth To Write Out Runtime Data...
         Starting AppArmor initialization...
         Starting ebtables ruleset management...
[[0;32m  OK  [0m] Started Apply Kernel Variables.
[[0;32m  OK  [0m] Started Set console font and keymap.
[[0;32m  OK  [0m] Started Tell Plymouth To Write Out Runtime Data.
[[0;32m  OK  [0m] Started Commit a transient machine-id on disk.
[[0;32m  OK  [0m] Started udev Kernel Device Manager.
[[0;32m  OK  [0m] Started Dispatch Password Requests to Console Directory Watch.
[[0;32m  OK  [0m] Reached target Local Encrypted Volumes.
[[0;32m  OK  [0m] Started Create Volatile Files and Directories.
         Starting Update UTMP about System Boot/Shutdown...
[[0;32m  OK  [0m] Started Update UTMP about System Boot/Shutdown.
[[0;32m  OK  [0m] Started ebtables ruleset management.
[[0;32m  OK  [0m] Found device /dev/ttyS0.
[[0;32m  OK  [0m] Listening on Load/Save RF Kill Switch Status /dev/rfkill Watch.
[[0;32m  OK  [0m] Started AppArmor initialization.
         Starting Initial cloud-init job (pre-networking)...
[   25.138415] cloud-init[543]: Cloud-init v. 19.4-33-gbb4131a2-0ubuntu1~18.04.1 running 'init-local' at Sun, 26 Jul 2020 09:33:32 +0000. Up 23.24 seconds.
[[0;32m  OK  [0m] Started Initial cloud-init job (pre-networking).
[[0;32m  OK  [0m] Reached target Network (Pre).
         Starting Network Service...
[[0;32m  OK  [0m] Started Network Service.
         Starting Wait for Network to be Configured...
         Starting Network Name Resolution...
[[0;32m  OK  [0m] Started Network Name Resolution.
[[0;32m  OK  [0m] Reached target Host and Network Name Lookups.
[[0;32m  OK  [0m] Reached target Network.
[[0;32m  OK  [0m] Started Wait for Network to be Configured.
         Starting Initial cloud-init job (metadata service crawler)...
[   28.695619] cloud-init[666]: Cloud-init v. 19.4-33-gbb4131a2-0ubuntu1~18.04.1 running 'init' at Sun, 26 Jul 2020 09:33:37 +0000. Up 28.25 seconds.
[   28.699198] cloud-init[666]: ci-info: ++++++++++++++++++++++++++++++++++++++Net device info++++++++++++++++++++++++++++++++++++++
[   28.712652] cloud-init[666]: ci-info: +--------+------+----------------------------+---------------+--------+-------------------+
[   28.715444] cloud-init[666]: ci-info: | Device |  Up  |          Address           |      Mask     | Scope  |     Hw-Address    |
[   28.718224] cloud-init[666]: ci-info: +--------+------+----------------------------+---------------+--------+-------------------+
[   28.721081] cloud-init[666]: ci-info: | enp0s3 | True |         10.0.2.15          | 255.255.255.0 | global | 02:12:97:df:f3:54 |
[   28.723448] cloud-init[666]: ci-info: | enp0s3 | True | fe80::12:97ff:fedf:f354/64 |       .       |  link  | 02:12:97:df:f3:54 |
[   28.726856] cloud-init[666]: ci-info: |   lo   | True |         127.0.0.1          |   255.0.0.0   |  host  |         .         |
[   28.741382] cloud-init[666]: ci-info: |   lo   | True |          ::1/128           |       .       |  host  |         .         |
[   28.748256] cloud-init[666]: ci-info: +--------+------+----------------------------+---------------+--------+-------------------+
[   28.755156] cloud-init[666]: ci-info: ++++++++++++++++++++++++++++Route IPv4 info+++++++++++++++++++++++++++++
[   28.762681] cloud-init[666]: ci-info: +-------+-------------+----------+-----------------+-----------+-------+
[   28.767543] cloud-init[666]: ci-info: | Route | Destination | Gateway  |     Genmask     | Interface | Flags |
[   28.772212] cloud-init[666]: ci-info: +-------+-------------+----------+-----------------+-----------+-------+
[   28.792335] cloud-init[666]: ci-info: |   0   |   0.0.0.0   | 10.0.2.2 |     0.0.0.0     |   enp0s3  |   UG  |
[   28.795752] cloud-init[666]: ci-info: |   1   |   10.0.2.0  | 0.0.0.0  |  255.255.255.0  |   enp0s3  |   U   |
[   28.798144] cloud-init[666]: ci-info: |   2   |   10.0.2.2  | 0.0.0.0  | 255.255.255.255 |   enp0s3  |   UH  |
[   28.803403] cloud-init[666]: ci-info: +-------+-------------+----------+-----------------+-----------+-------+
[   28.808927] cloud-init[666]: ci-info: +++++++++++++++++++Route IPv6 info+++++++++++++++++++
[   28.813937] cloud-init[666]: ci-info: +-------+-------------+---------+-----------+-------+
[   28.818160] cloud-init[666]: ci-info: | Route | Destination | Gateway | Interface | Flags |
[   28.823372] cloud-init[666]: ci-info: +-------+-------------+---------+-----------+-------+
[   28.830239] cloud-init[666]: ci-info: |   1   |  fe80::/64  |    ::   |   enp0s3  |   U   |
[   28.833773] cloud-init[666]: ci-info: |   3   |    local    |    ::   |   enp0s3  |   U   |
[   28.837186] cloud-init[666]: ci-info: |   4   |   ff00::/8  |    ::   |   enp0s3  |   U   |
[   28.840541] cloud-init[666]: ci-info: +-------+-------------+---------+-----------+-------+
[   34.075686] cloud-init[666]: Generating public/private rsa key pair.
[   34.078340] cloud-init[666]: Your identification has been saved in /etc/ssh/ssh_host_rsa_key.
[   34.083119] cloud-init[666]: Your public key has been saved in /etc/ssh/ssh_host_rsa_key.pub.
[   34.087285] cloud-init[666]: The key fingerprint is:
[   34.089424] cloud-init[666]: SHA256:83NJILCQs0j9+KAUKhDHWAUeSF+u7RCmLD2MX4kmttU root@ubuntu-bionic
[   34.108864] cloud-init[666]: The key's randomart image is:
[   34.112300] cloud-init[666]: +---[RSA 2048]----+
[   34.115824] cloud-init[666]: |oB=+oo.          |
[   34.117922] cloud-init[666]: |+o=.*. o         |
[   34.119528] cloud-init[666]: |.o.* *. . .      |
[   34.121451] cloud-init[666]: |++=.O..  . .     |
[   34.132495] cloud-init[666]: |==*=oE  S   .    |
[   34.135335] cloud-init[666]: |o++oo .  o . .   |
[   34.137702] cloud-init[666]: | ..  .    o o    |
[   34.139722] cloud-init[666]: |           o     |
[   34.142209] cloud-init[666]: |                 |
[   34.156664] cloud-init[666]: +----[SHA256]-----+
[   34.159531] cloud-init[666]: Generating public/private dsa key pair.
[   34.163381] cloud-init[666]: Your identification has been saved in /etc/ssh/ssh_host_dsa_key.
[   34.166864] cloud-init[666]: Your public key has been saved in /etc/ssh/ssh_host_dsa_key.pub.
[   34.169691] cloud-init[666]: The key fingerprint is:
[   34.171998] cloud-init[666]: SHA256:FqqAh3AMLKnCUB205FsXKpLHyLYBIWXSXOzUfmvdJyo root@ubuntu-bionic
[   34.175952] cloud-init[666]: The key's randomart image is:
[   34.178014] cloud-init[666]: +---[DSA 1024]----+
[   34.188867] cloud-init[666]: |BB+==o  .        |
[   34.190037] cloud-init[666]: |=Oo*+... .       |
[   34.191630] cloud-init[666]: |* Xo*.o o        |
[   34.192990] cloud-init[666]: |+* =.+.o..       |
[   34.194191] cloud-init[666]: |+ + . ..So .     |
[   34.195402] cloud-init[666]: | . . . .o . o .  |
[   34.196787] cloud-init[666]: |    .  .   . o   |
[   34.198050] [[0;32m  OK  [0m] Started Initial cloud-init job (metadata service crawler).
[[0;32m  OK  [0m] Reached target System Initialization.
[[0;32m  OK  [0m] Started Daily apt download activities.
[[0;32m  OK  [0m] Started Discard unused blocks once a week.
[[0;32m  OK  [0m] Started Daily apt upgrade and clean activities.
cloud-init[666]: |        E .      |
[   34.203031] cloud-init[666]: |         .       |
[   34.204231] cloud-init[666]: +----[SHA256]-----+
[   34.217048] cloud-init[666]: Generating public/private ecdsa key pair.
[   34.218279] cloud-init[666]: Your identification has been saved in /etc/ssh/ssh_host_ecdsa_key.
[   34.220687] cloud-init[666]: Your public key has been saved in /etc/ssh/ssh_host_ecdsa_key.pub.
[   34.222368] cloud-init[666]: The key fingerprint is:
[   34.223436] cloud-init[666]: SHA256:VRr9mvIAhrmMzWS7hP6ACpBGBQDBEry/6qDQO3JYvaQ root@ubuntu-bionic
[   34.225080] cloud-init[666]: The key's randomart image is:
[   34.226272] cloud-init[666]: +---[ECDSA 256]---+
[   34.226971] cloud-init[666]: |X+..      ...    |
[   34.227794] cloud-init[666]: |.o.        +.    |
[[0;32m  OK  [0m] Started ACPI Events Check.
[[0;32m  OK  [0m] Reached target Paths.
[[0;32m  OK  [0m] Started Daily Cleanup of Temporary Directories.
[   34.246463] cloud-init[666]: |...    o  o  .   |
[   34.253238] cloud-init[666]: |.o    = o.    .  |
[   34.254325] cloud-init[666]: |o... O +S.   o   |
[   34.267146] cloud-init[666]: |o..o= B   o o    |
[   34.267927] cloud-init[666]: |+oo+oo .   +     |
         Starting LXD - unix socket.
[[0;32m  OK  [0m] Listening on D-Bus System Message Bus Socket.
[   34.286622] cloud-init[666]: |B.Eoo..     .    |
[   34.290218] cloud-init[666]: |+=o. ..          |
[   34.292009] cloud-init[666]: +----[SHA256]-----+
         Starting Socket activation for snappy daemon.
[[0;32m  OK  [0m] Started Message of the Day.
[[0;32m  OK  [0m] Reached target Timers.
[[0;32m  OK  [0m] Listening on UUID daemon activation socket.
[[0;32m  OK  [0m] Listening on Open-iSCSI iscsid Socket.
[[0;32m  OK  [0m] Listening on ACPID Listen Socket.
[[0;32m  OK  [0m] Reached target Cloud-config availability.
[[0;32m  OK  [0m] Reached target Network is Online.
[   34.293668] cloud-init[666]: Generating public/private ed25519 key pair.
[   34.318832] cloud-init[666]: Your identification has been saved in /etc/ssh/ssh_host_ed25519_key.
[   34.321476] cloud-init[666]: Your public key has been saved in /etc/ssh/ssh_host_ed25519_key.pub.
[   34.324038] cloud-init[666]: The key fingerprint is:
         Starting Availability of block devices...
[[0;32m  OK  [0m] Reached target Remote File Systems (Pre).
[[0;32m  OK  [0m] Reached target Remote File Systems.
[[0;32m  OK  [0m] Listening on LXD - unix socket.
[   34.335784] cloud-init[666]: SHA256:Ov6LrNgZJP9OxsvCKOFt5Ynph0XT7GLhUSW9nW00sXY root@ubuntu-bionic
[[0;32m  OK  [0m] Listening on Socket activation for snappy daemon.
[   34.343397] cloud-init[[0;32m  OK  [0m] Reached target Sockets.
[[0;32m  OK  [0m] Reached target Basic System.
[666]: The key's randomart image is:
[   34.356176] cloud-init[666]: [[0;32m  OK  [0m] Started D-Bus System Message Bus.
+--[ED25519 256]--+
[   34.357888] cloud-init[666]: |       .o.   ..  |
[   34.358859] cloud-init[666]: |       ...   o.  |
[   34.359868] cloud-init[666]: |      +   o +o.E |
[   34.361115] cloud-init[666]: |     = o . o.o.  |
[   34.362479] cloud-init[666]: |  . + = S   .    |
[   34.364060] cloud-init[666]: |.  + B o         |
[   34.365668] cloud-init[666]: |...o@ O          |
[   34.368165] cloud-init[666]: |...Oo& +         |
[   34.370284] cloud-init[666]: | .+.=+O.o.       |
[   34.372512] cloud-init[666]: +----[SHA256]-----+
         Starting Accounts Service...
[[0;32m  OK  [0m] Started irqbalance daemon.
         Starting Pollinate to seed the pseudo random number generator...
         Starting System Logging Service...
         Starting Login Service...
[[0;32m  OK  [0m] Started Regular background program processing daemon.
[[0;32m  OK  [0m] Started Deferred execution scheduler.
[[0;32m  OK  [0m] Started FUSE filesystem for LXC.
         Starting Snappy daemon...
         Starting LSB: automatic crash report generation...
         Starting Permit User Sessions...
         Starting Dispatcher daemon for systemd-networkd...
         Starting LSB: Record successful boot for GRUB...
         Starting Virtualbox guest utils...
         Starting LXD - container startup/shutdown...
[[0;32m  OK  [0m] Started System Logging Service.
[[0;32m  OK  [0m] Started Availability of block devices.
[[0;32m  OK  [0m] Started Login Service.
[[0;32m  OK  [0m] Started Permit User Sessions.
         Starting Hold until boot process finishes up...
         Starting Terminate Plymouth Boot Screen...
         Starting Authorization Manager...
[[0;32m  OK  [0m] Started Unattended Upgrades Shutdown.
[[0;32m  OK  [0m] Started Hold until boot process finishes up.
         Starting Set console scheme...
[[0;32m  OK  [0m] Started Serial Getty on ttyS0.
[[0;32m  OK  [0m] Started Terminate Plymouth Boot Screen.
[[0;32m  OK  [0m] Started LSB: Record successful boot for GRUB.
[[0;32m  OK  [0m] Started Set console scheme.
[[0;32m  OK  [0m] Created slice system-getty.slice.
[[0;32m  OK  [0m] Started Getty on tty1.
[[0;32m  OK  [0m] Reached target Login Prompts.
[[0;32m  OK  [0m] Started LSB: automatic crash report generation.
[[0;32m  OK  [0m] Started Authorization Manager.
[[0;32m  OK  [0m] Started Accounts Service.
[[0;32m  OK  [0m] Started Dispatcher daemon for systemd-networkd.
[[0;32m  OK  [0m] Started Virtualbox guest utils.

Ubuntu 18.04.4 LTS ubuntu-bionic ttyS0

ubuntu-bionic login: [   53.460166] cloud-init[1374]: Cloud-init v. 19.4-33-gbb4131a2-0ubuntu1~18.04.1 running 'modules:config' at Sun, 26 Jul 2020 09:33:59 +0000. Up 51.00 seconds.
ci-info: no authorized SSH keys fingerprints found for user ubuntu.
<14>Jul 26 09:34:04 ec2: 
<14>Jul 26 09:34:04 ec2: #############################################################
<14>Jul 26 09:34:04 ec2: -----BEGIN SSH HOST KEY FINGERPRINTS-----
<14>Jul 26 09:34:04 ec2: 1024 SHA256:FqqAh3AMLKnCUB205FsXKpLHyLYBIWXSXOzUfmvdJyo root@ubuntu-bionic (DSA)
<14>Jul 26 09:34:04 ec2: 256 SHA256:VRr9mvIAhrmMzWS7hP6ACpBGBQDBEry/6qDQO3JYvaQ root@ubuntu-bionic (ECDSA)
<14>Jul 26 09:34:04 ec2: 256 SHA256:Ov6LrNgZJP9OxsvCKOFt5Ynph0XT7GLhUSW9nW00sXY root@ubuntu-bionic (ED25519)
<14>Jul 26 09:34:04 ec2: 2048 SHA256:83NJILCQs0j9+KAUKhDHWAUeSF+u7RCmLD2MX4kmttU root@ubuntu-bionic (RSA)
<14>Jul 26 09:34:04 ec2: -----END SSH HOST KEY FINGERPRINTS-----
<14>Jul 26 09:34:04 ec2: #############################################################
-----BEGIN SSH HOST KEY KEYS-----
ecdsa-sha2-nistp256 AAAAE2VjZHNhLXNoYTItbmlzdHAyNTYAAAAIbmlzdHAyNTYAAABBBMoyIlagSeRmkoJMbB8lqqay68+JFOuxzRMB7Kt3wb+RXWjjyjirMlJZlD9HAqfjfuWNnbPsd5sCqF3OIIrV38U= root@ubuntu-bionic
ssh-ed25519 AAAAC3NzaC1lZDI1NTE5AAAAIO9XXKSO4ji1x16QedMdBk5Z23Khxa56/6GYfFJ7QWrf root@ubuntu-bionic
ssh-rsa AAAAB3NzaC1yc2EAAAADAQABAAABAQC1q8JJm66tasgYz4WZcZqi8SsuiAqGg7ynOCGYyO8aOsp0shAq5f0DPYr07BvrRS7E3NlavQ/Nl11Y9BAxbD9dwgVeNaET/IgkOGZI25s189sz1CbP/GDN5cXOzFW4/WnGSo4zvc071iiDrV4TeAzJ0bRodnNcNoM6Zbxl3vxA+HXTn2VbFsIa83mh45c2Mx0JUA99RPZ8O5Sk0sabWhyQJncbS8gXvYialzUtVjUuLQ5iBms+uHOSCu/JBRAKwmWU829cHR+GJTisM8UncIL3BXWvZ15C714DcPd1gkJhb/qaDK8A0TzWm5jdxloHs1PVm2BbEmOuDi6KmSqPrAHL root@ubuntu-bionic
-----END SSH HOST KEY KEYS-----
[   55.302055] cloud-init[1568]: Cloud-init v. 19.4-33-gbb4131a2-0ubuntu1~18.04.1 running 'modules:final' at Sun, 26 Jul 2020 09:34:03 +0000. Up 54.76 seconds.
[   55.303602] cloud-init[1568]: ci-info: no authorized SSH keys fingerprints found for user ubuntu.
[   55.304755] cloud-init[1568]: Cloud-init v. 19.4-33-gbb4131a2-0ubuntu1~18.04.1 finished at Sun, 26 Jul 2020 09:34:04 +0000. Datasource DataSourceNoCloud [seed=/dev/sdb][dsmode=net].  Up 55.24 seconds
